<html>
<head>
<title>TestNG:  Add Vendor Contact Test</title>
<link href="../testng.css" rel="stylesheet" type="text/css" />
<link href="../my-testng.css" rel="stylesheet" type="text/css" />

<style type="text/css">
.log { display: none;} 
.stack-trace { display: none;} 
</style>
<script type="text/javascript">
<!--
function flip(e) {
  current = e.style.display;
  if (current == 'block') {
    e.style.display = 'none';
    return 0;
  }
  else {
    e.style.display = 'block';
    return 1;
  }
}

function toggleBox(szDivId, elem, msg1, msg2)
{
  var res = -1;  if (document.getElementById) {
    res = flip(document.getElementById(szDivId));
  }
  else if (document.all) {
    // this is the way old msie versions work
    res = flip(document.all[szDivId]);
  }
  if(elem) {
    if(res == 0) elem.innerHTML = msg1; else elem.innerHTML = msg2;
  }

}

function toggleAllBoxes() {
  if (document.getElementsByTagName) {
    d = document.getElementsByTagName('div');
    for (i = 0; i < d.length; i++) {
      if (d[i].className == 'log') {
        flip(d[i]);
      }
    }
  }
}

// -->
</script>

</head>
<body>
<h2 align='center'>Add Vendor Contact Test</h2><table border='1' align="center">
<tr>
<td>Tests passed/Failed/Skipped:</td><td>2/0/0</td>
</tr><tr>
<td>Started on:</td><td>Mon Jun 08 16:13:12 IST 2020</td>
</tr>
<tr><td>Total time:</td><td>57 seconds (57866 ms)</td>
</tr><tr>
<td>Included groups:</td><td></td>
</tr><tr>
<td>Excluded groups:</td><td></td>
</tr>
</table><p/>
<small><i>(Hover the method name to see the test class name)</i></small><p/>
<table width='100%' border='1' class='invocation-failed'>
<tr><td colspan='4' align='center'><b>FAILED TESTS</b></td></tr>
<tr><td><b>Test method</b></td>
<td width="30%"><b>Exception</b></td>
<td width="10%"><b>Time (seconds)</b></td>
<td><b>Instance</b></td>
</tr>
<tr>
<td title='VendorTabTestCases.AddVendorTest.addVendor()'><b>addVendor</b><br>Test class: VendorTabTestCases.AddVendorTest<br>Parameters: Company1, AlternateCompany1, BPID1, EPO, Address1, Suite1, City1, New York, United States, 1111111111, abc@def.com, abcd<br/>
<a href="#Output-1250644519" onClick='toggleBox("Output-1250644519", this, "Show output", "Hide output");'>Show output</a>

<a href="#Output-1250644519" onClick="toggleAllBoxes();">Show all outputs</a>
<div class='log' id="Output-1250644519">
<a target="_blank" href=Mon_Jun_08_16_12_57_IST_2020.jpg>Click To See Screenshot</a><br/>
<br><br/>
<a target="_blank" href=Mon_Jun_08_16_12_57_IST_2020.jpg><img src=Mon_Jun_08_16_12_57_IST_2020.jpg height=200 width=200></img></a><br/>
</div>
</td>
<td><div><pre>org.openqa.selenium.WebDriverException: element click intercepted: Element &lt;a _ngcontent-cry-c2=&quot;&quot; class=&quot;nav-link&quot; href=&quot;javascript:void(0)&quot;&gt;...&lt;/a&gt; is not clickable at point (1255, 53). Other element would receive the click: &lt;div _ngcontent-cry-c1=&quot;&quot; class=&quot;ngx-overlay foreground-closing&quot; style=&quot;background-color: rgba(40, 40, 40, 0.8); border-radius: 0px;&quot;&gt;...&lt;/div&gt;
  (Session info: chrome=83.0.4103.97)
Build info: version: &apos;3.5.2&apos;, revision: &apos;10229a9&apos;, time: &apos;2017-08-21T17:29:55.15Z&apos;
System info: host: &apos;DESKTOP-F13OLA2&apos;, ip: &apos;192.168.1.10&apos;, os.name: &apos;Windows 10&apos;, os.arch: &apos;amd64&apos;, os.version: &apos;10.0&apos;, java.version: &apos;1.8.0_221&apos;
Driver info: org.openqa.selenium.chrome.ChromeDriver
Capabilities [{networkConnectionEnabled=false, chrome={chromedriverVersion=83.0.4103.39 (ccbf011cb2d2b19b506d844400483861342c20cd-refs/branch-heads/4103@{#416}), userDataDir=C:\Users\manin\AppData\Local\Temp\scoped_dir2672_2057565644}, timeouts={implicit=0, pageLoad=300000, script=30000}, pageLoadStrategy=normal, unhandledPromptBehavior=dismiss and notify, strictFileInteractability=false, platform=ANY, proxy=Proxy(), goog:chromeOptions={debuggerAddress=localhost:58780}, acceptInsecureCerts=false, browserVersion=83.0.4103.97, browserName=chrome, javascriptEnabled=true, platformName=windows, setWindowRect=true, webauthn:virtualAuthenticators=true}]
Session ID: 2ebb827d9097092194629d3f1eab0b91
	at org.openqa.selenium.remote.http.W3CHttpResponseCodec.createException(W3CHttpResponseCodec.java:185)
	at org.openqa.selenium.remote.http.W3CHttpResponseCodec.decode(W3CHttpResponseCodec.java:120)
	at org.openqa.selenium.remote.http.W3CHttpResponseCodec.decode(W3CHttpResponseCodec.java:49)
	at org.openqa.selenium.remote.HttpCommandExecutor.execute(HttpCommandExecutor.java:164)
	at org.openqa.selenium.remote.service.DriverCommandExecutor.execute(DriverCommandExecutor.java:82)
	at org.openqa.selenium.remote.RemoteWebDriver.execute(RemoteWebDriver.java:641)
	at org.openqa.selenium.remote.RemoteWebElement.execute(RemoteWebElement.java:275)
	at org.openqa.selenium.remote.RemoteWebElement.click(RemoteWebElement.java:82)
	at Base.TestBase.click(TestBase.java:127)
	at VendorTabTestCases.AddVendorTest.addVendor(AddVendorTest.java:30)
	at java.util.ArrayList.forEach(ArrayList.java:1257)
... Removed 31 stack frames</pre></div><a href='#' onClick='toggleBox("stack-trace1250644519", this, "Click to show all stack frames", "Click to hide stack frames")'>Click to show all stack frames</a>
<div class='stack-trace' id='stack-trace1250644519'><pre>org.openqa.selenium.WebDriverException: element click intercepted: Element &lt;a _ngcontent-cry-c2=&quot;&quot; class=&quot;nav-link&quot; href=&quot;javascript:void(0)&quot;&gt;...&lt;/a&gt; is not clickable at point (1255, 53). Other element would receive the click: &lt;div _ngcontent-cry-c1=&quot;&quot; class=&quot;ngx-overlay foreground-closing&quot; style=&quot;background-color: rgba(40, 40, 40, 0.8); border-radius: 0px;&quot;&gt;...&lt;/div&gt;
  (Session info: chrome=83.0.4103.97)
Build info: version: &apos;3.5.2&apos;, revision: &apos;10229a9&apos;, time: &apos;2017-08-21T17:29:55.15Z&apos;
System info: host: &apos;DESKTOP-F13OLA2&apos;, ip: &apos;192.168.1.10&apos;, os.name: &apos;Windows 10&apos;, os.arch: &apos;amd64&apos;, os.version: &apos;10.0&apos;, java.version: &apos;1.8.0_221&apos;
Driver info: org.openqa.selenium.chrome.ChromeDriver
Capabilities [{networkConnectionEnabled=false, chrome={chromedriverVersion=83.0.4103.39 (ccbf011cb2d2b19b506d844400483861342c20cd-refs/branch-heads/4103@{#416}), userDataDir=C:\Users\manin\AppData\Local\Temp\scoped_dir2672_2057565644}, timeouts={implicit=0, pageLoad=300000, script=30000}, pageLoadStrategy=normal, unhandledPromptBehavior=dismiss and notify, strictFileInteractability=false, platform=ANY, proxy=Proxy(), goog:chromeOptions={debuggerAddress=localhost:58780}, acceptInsecureCerts=false, browserVersion=83.0.4103.97, browserName=chrome, javascriptEnabled=true, platformName=windows, setWindowRect=true, webauthn:virtualAuthenticators=true}]
Session ID: 2ebb827d9097092194629d3f1eab0b91
	at sun.reflect.NativeConstructorAccessorImpl.newInstance0(Native Method)
	at sun.reflect.NativeConstructorAccessorImpl.newInstance(NativeConstructorAccessorImpl.java:62)
	at sun.reflect.DelegatingConstructorAccessorImpl.newInstance(DelegatingConstructorAccessorImpl.java:45)
	at java.lang.reflect.Constructor.newInstance(Constructor.java:423)
	at org.openqa.selenium.remote.http.W3CHttpResponseCodec.createException(W3CHttpResponseCodec.java:185)
	at org.openqa.selenium.remote.http.W3CHttpResponseCodec.decode(W3CHttpResponseCodec.java:120)
	at org.openqa.selenium.remote.http.W3CHttpResponseCodec.decode(W3CHttpResponseCodec.java:49)
	at org.openqa.selenium.remote.HttpCommandExecutor.execute(HttpCommandExecutor.java:164)
	at org.openqa.selenium.remote.service.DriverCommandExecutor.execute(DriverCommandExecutor.java:82)
	at org.openqa.selenium.remote.RemoteWebDriver.execute(RemoteWebDriver.java:641)
	at org.openqa.selenium.remote.RemoteWebElement.execute(RemoteWebElement.java:275)
	at org.openqa.selenium.remote.RemoteWebElement.click(RemoteWebElement.java:82)
	at Base.TestBase.click(TestBase.java:127)
	at VendorTabTestCases.AddVendorTest.addVendor(AddVendorTest.java:30)
	at sun.reflect.NativeMethodAccessorImpl.invoke0(Native Method)
	at sun.reflect.NativeMethodAccessorImpl.invoke(NativeMethodAccessorImpl.java:62)
	at sun.reflect.DelegatingMethodAccessorImpl.invoke(DelegatingMethodAccessorImpl.java:43)
	at java.lang.reflect.Method.invoke(Method.java:498)
	at org.testng.internal.MethodInvocationHelper.invokeMethod(MethodInvocationHelper.java:134)
	at org.testng.internal.TestInvoker.invokeMethod(TestInvoker.java:597)
	at org.testng.internal.TestInvoker.invokeTestMethod(TestInvoker.java:173)
	at org.testng.internal.MethodRunner.runInSequence(MethodRunner.java:46)
	at org.testng.internal.TestInvoker$MethodInvocationAgent.invoke(TestInvoker.java:816)
	at org.testng.internal.TestInvoker.invokeTestMethods(TestInvoker.java:146)
	at org.testng.internal.TestMethodWorker.invokeTestMethods(TestMethodWorker.java:146)
	at org.testng.internal.TestMethodWorker.run(TestMethodWorker.java:128)
	at java.util.ArrayList.forEach(ArrayList.java:1257)
	at org.testng.TestRunner.privateRun(TestRunner.java:766)
	at org.testng.TestRunner.run(TestRunner.java:587)
	at org.testng.SuiteRunner.runTest(SuiteRunner.java:384)
	at org.testng.SuiteRunner.runSequentially(SuiteRunner.java:378)
	at org.testng.SuiteRunner.privateRun(SuiteRunner.java:337)
	at org.testng.SuiteRunner.run(SuiteRunner.java:286)
	at org.testng.SuiteRunnerWorker.runSuite(SuiteRunnerWorker.java:53)
	at org.testng.SuiteRunnerWorker.run(SuiteRunnerWorker.java:96)
	at org.testng.TestNG.runSuitesSequentially(TestNG.java:1187)
	at org.testng.TestNG.runSuitesLocally(TestNG.java:1109)
	at org.testng.TestNG.runSuites(TestNG.java:1039)
	at org.testng.TestNG.run(TestNG.java:1007)
	at org.testng.remote.AbstractRemoteTestNG.run(AbstractRemoteTestNG.java:115)
	at org.testng.remote.RemoteTestNG.initAndRun(RemoteTestNG.java:251)
	at org.testng.remote.RemoteTestNG.main(RemoteTestNG.java:77)
</pre></div></td>
<td>4</td>
<td>VendorTabTestCases.AddVendorTest@465232e9</td></tr>
</table><p>
<table width='100%' border='1' class='invocation-passed'>
<tr><td colspan='4' align='center'><b>PASSED TESTS</b></td></tr>
<tr><td><b>Test method</b></td>
<td width="30%"><b>Exception</b></td>
<td width="10%"><b>Time (seconds)</b></td>
<td><b>Instance</b></td>
</tr>
<tr>
<td title='VendorTabTestCases.AddVendorTest.addVendor()'><b>addVendor</b><br>Test class: VendorTabTestCases.AddVendorTest<br>Parameters: Company2, AlternateCompany2, BPID1, Exchange, Address2, Suite2, City2, Quebec, Canada, 1111111111, abc@def.com, abcd<br/>
<a href="#Output-2115087165" onClick='toggleBox("Output-2115087165", this, "Show output", "Hide output");'>Show output</a>

<a href="#Output-2115087165" onClick="toggleAllBoxes();">Show all outputs</a>
<div class='log' id="Output-2115087165">
Vendor added Successfully<br/>
<a target="_blank" href=Mon_Jun_08_16_13_12_IST_2020.jpg>Click To See Screenshot</a><br/>
<br><br/>
<a target="_blank" href=Mon_Jun_08_16_13_12_IST_2020.jpg><img src=Mon_Jun_08_16_13_12_IST_2020.jpg height=200 width=200></img></a><br/>
</div>
</td>
<td></td>
<td>14</td>
<td>VendorTabTestCases.AddVendorTest@465232e9</td></tr>
<tr>
<td title='VendorTabTestCases.AddVendorContactTest.addVendorContact()'><b>addVendorContact</b><br>Test class: VendorTabTestCases.AddVendorContactTest<br>Parameters: FirstName1, LastName1, CompanyTitle1, Account Manager, Select All, Under 100, East US, High, Dental, Atlanta, Team Leader, 1111111111, 1111111111, abc@def.com, Address1, City1, , United States, 111111.0, Test, FirstName1, LastName1, Title1, 1111111111, 1111111111, abc@def.com, FirstName1, LastName1, Title1, 1111111111, 1111111111, abc@def.com<br/>
<a href="#Output-468776694" onClick='toggleBox("Output-468776694", this, "Show output", "Hide output");'>Show output</a>

<a href="#Output-468776694" onClick="toggleAllBoxes();">Show all outputs</a>
<div class='log' id="Output-468776694">
Vendor Contact added Successfully<br/>
<a target="_blank" href=Mon_Jun_08_16_13_41_IST_2020.jpg>Click To See Screenshot</a><br/>
<br><br/>
<a target="_blank" href=Mon_Jun_08_16_13_41_IST_2020.jpg><img src=Mon_Jun_08_16_13_41_IST_2020.jpg height=200 width=200></img></a><br/>
</div>
</td>
<td></td>
<td>28</td>
<td>VendorTabTestCases.AddVendorContactTest@1f9f6368</td></tr>
<tr>
<td title='VendorTabTestCases.AddVendorContactTest.addVendorContact()'><b>addVendorContact</b><br>Test class: VendorTabTestCases.AddVendorContactTest<br>Parameters: FirstName2, LastName2, CompanyTitle2, Sales Contact, Select All, Under 100, North US, Low, Life, Tampa, Analyst, 1111111111, 1111111111, abc@def.com, Address2, City2, , Canada, 111111.0, Test, FirstName2, LastName2, Title2, 1111111111, 1111111111, abc@def.com, FirstName2, LastName2, Title2, 1111111111, 1111111111, abc@def.com<br/>
<a href="#Output-54134077" onClick='toggleBox("Output-54134077", this, "Show output", "Hide output");'>Show output</a>

<a href="#Output-54134077" onClick="toggleAllBoxes();">Show all outputs</a>
<div class='log' id="Output-54134077">
Vendor Contact added Successfully<br/>
<a target="_blank" href=Mon_Jun_08_16_14_10_IST_2020.jpg>Click To See Screenshot</a><br/>
<br><br/>
<a target="_blank" href=Mon_Jun_08_16_14_10_IST_2020.jpg><img src=Mon_Jun_08_16_14_10_IST_2020.jpg height=200 width=200></img></a><br/>
</div>
</td>
<td></td>
<td>28</td>
<td>VendorTabTestCases.AddVendorContactTest@1f9f6368</td></tr>
<tr>
<td title='TestCases.LoginTestProcessAssociate.loginToLockTon()'><b>loginToLockTon</b><br>Test class: TestCases.LoginTestProcessAssociate<br/>
<a href="#Output-114414807" onClick='toggleBox("Output-114414807", this, "Show output", "Hide output");'>Show output</a>

<a href="#Output-114414807" onClick="toggleAllBoxes();">Show all outputs</a>
<div class='log' id="Output-114414807">
Login Successfully<br/>
<a target="_blank" href=Mon_Jun_08_16_12_53_IST_2020.jpg>Click To See Screenshot</a><br/>
<br><br/>
<a target="_blank" href=Mon_Jun_08_16_12_53_IST_2020.jpg><img src=Mon_Jun_08_16_12_53_IST_2020.jpg height=200 width=200></img></a><br/>
</div>
</td>
<td></td>
<td>4</td>
<td>TestCases.LoginTestProcessAssociate@475c9c31</td></tr>
</table><p>
</body>
</html>