<html>
<head>
<title>TestNG:  Create Marketing Census Request</title>
<link href="../testng.css" rel="stylesheet" type="text/css" />
<link href="../my-testng.css" rel="stylesheet" type="text/css" />

<style type="text/css">
.log { display: none;} 
.stack-trace { display: none;} 
</style>
<script type="text/javascript">
<!--
function flip(e) {
  current = e.style.display;
  if (current == 'block') {
    e.style.display = 'none';
    return 0;
  }
  else {
    e.style.display = 'block';
    return 1;
  }
}

function toggleBox(szDivId, elem, msg1, msg2)
{
  var res = -1;  if (document.getElementById) {
    res = flip(document.getElementById(szDivId));
  }
  else if (document.all) {
    // this is the way old msie versions work
    res = flip(document.all[szDivId]);
  }
  if(elem) {
    if(res == 0) elem.innerHTML = msg1; else elem.innerHTML = msg2;
  }

}

function toggleAllBoxes() {
  if (document.getElementsByTagName) {
    d = document.getElementsByTagName('div');
    for (i = 0; i < d.length; i++) {
      if (d[i].className == 'log') {
        flip(d[i]);
      }
    }
  }
}

// -->
</script>

</head>
<body>
<h2 align='center'>Create Marketing Census Request</h2><table border='1' align="center">
<tr>
<td>Tests passed/Failed/Skipped:</td><td>0/1/0</td>
</tr><tr>
<td>Started on:</td><td>Tue Oct 13 17:30:13 IST 2020</td>
</tr>
<tr><td>Total time:</td><td>357 seconds (357920 ms)</td>
</tr><tr>
<td>Included groups:</td><td></td>
</tr><tr>
<td>Excluded groups:</td><td></td>
</tr>
</table><p/>
<small><i>(Hover the method name to see the test class name)</i></small><p/>
<table width='100%' border='1' class='invocation-failed'>
<tr><td colspan='4' align='center'><b>FAILED TESTS</b></td></tr>
<tr><td><b>Test method</b></td>
<td width="30%"><b>Exception</b></td>
<td width="10%"><b>Time (seconds)</b></td>
<td><b>Instance</b></td>
</tr>
<tr>
<td title='DentalLOCTestCases.CreateMarketingCensusRequest.createMarketingCensusRequest()'><b>createMarketingCensusRequest</b><br>Test class: DentalLOCTestCases.CreateMarketingCensusRequest<br>Parameters: La Mirage Hotels and Resorts, LLC - TEST, Marketing Census Request, Scott, Dental Renewal Marketing, All Employees (everyone on payroll), None, All Employees (everyone on payroll)<br/>
<a href="#Output-368153528" onClick='toggleBox("Output-368153528", this, "Show output", "Hide output");'>Show output</a>

<a href="#Output-368153528" onClick="toggleAllBoxes();">Show all outputs</a>
<div class='log' id="Output-368153528">
Login Successfully<br/>
Login Successfully<br/>
<a target="_blank" href=Tue_Oct_13_17_36_10_IST_2020.jpg>Click To See Screenshot</a><br/>
<br><br/>
<a target="_blank" href=Tue_Oct_13_17_36_10_IST_2020.jpg><img src=Tue_Oct_13_17_36_10_IST_2020.jpg height=200 width=200></img></a><br/>
</div>
</td>
<td><div><pre>org.openqa.selenium.NoSuchElementException: no such element: Unable to locate element: {&quot;method&quot;:&quot;xpath&quot;,&quot;selector&quot;:&quot;//*[text()=&apos;Download Template&apos;]&quot;}
  (Session info: chrome=85.0.4183.121)
For documentation on this error, please visit: http://seleniumhq.org/exceptions/no_such_element.html
Build info: version: &apos;3.5.2&apos;, revision: &apos;10229a9&apos;, time: &apos;2017-08-21T17:29:55.15Z&apos;
System info: host: &apos;DESKTOP-JO95MPE&apos;, ip: &apos;192.168.1.6&apos;, os.name: &apos;Windows 10&apos;, os.arch: &apos;amd64&apos;, os.version: &apos;10.0&apos;, java.version: &apos;1.8.0_191&apos;
Driver info: org.openqa.selenium.chrome.ChromeDriver
Capabilities [{networkConnectionEnabled=false, chrome={chromedriverVersion=85.0.4183.87 (cd6713ebf92fa1cacc0f1a598df280093af0c5d7-refs/branch-heads/4183@{#1689}), userDataDir=C:\Users\Mayank\AppData\Local\Temp\scoped_dir13508_849999170}, timeouts={implicit=0, pageLoad=300000, script=30000}, pageLoadStrategy=normal, unhandledPromptBehavior=dismiss and notify, strictFileInteractability=false, platform=ANY, proxy=Proxy(), goog:chromeOptions={debuggerAddress=localhost:52208}, acceptInsecureCerts=false, browserVersion=85.0.4183.121, browserName=chrome, javascriptEnabled=true, platformName=windows, setWindowRect=true, webauthn:virtualAuthenticators=true}]
Session ID: b28a806a283cf1b84994a9465b96e1f9
*** Element info: {Using=xpath, value=//*[text()=&apos;Download Template&apos;]}
	at org.openqa.selenium.remote.http.W3CHttpResponseCodec.createException(W3CHttpResponseCodec.java:185)
	at org.openqa.selenium.remote.http.W3CHttpResponseCodec.decode(W3CHttpResponseCodec.java:120)
	at org.openqa.selenium.remote.http.W3CHttpResponseCodec.decode(W3CHttpResponseCodec.java:49)
	at org.openqa.selenium.remote.HttpCommandExecutor.execute(HttpCommandExecutor.java:164)
	at org.openqa.selenium.remote.service.DriverCommandExecutor.execute(DriverCommandExecutor.java:82)
	at org.openqa.selenium.remote.RemoteWebDriver.execute(RemoteWebDriver.java:641)
	at org.openqa.selenium.remote.RemoteWebDriver.findElement(RemoteWebDriver.java:414)
	at org.openqa.selenium.remote.RemoteWebDriver.findElementByXPath(RemoteWebDriver.java:513)
	at org.openqa.selenium.By$ByXPath.findElement(By.java:361)
	at org.openqa.selenium.remote.RemoteWebDriver.findElement(RemoteWebDriver.java:406)
	at Base.TestBase.click(TestBase.java:199)
	at DentalLOCTestCases.CreateMarketingCensusRequest.createMarketingCensusRequest(CreateMarketingCensusRequest.java:289)
	at java.util.ArrayList.forEach(Unknown Source)
... Removed 31 stack frames</pre></div><a href='#' onClick='toggleBox("stack-trace368153528", this, "Click to show all stack frames", "Click to hide stack frames")'>Click to show all stack frames</a>
<div class='stack-trace' id='stack-trace368153528'><pre>org.openqa.selenium.NoSuchElementException: no such element: Unable to locate element: {&quot;method&quot;:&quot;xpath&quot;,&quot;selector&quot;:&quot;//*[text()=&apos;Download Template&apos;]&quot;}
  (Session info: chrome=85.0.4183.121)
For documentation on this error, please visit: http://seleniumhq.org/exceptions/no_such_element.html
Build info: version: &apos;3.5.2&apos;, revision: &apos;10229a9&apos;, time: &apos;2017-08-21T17:29:55.15Z&apos;
System info: host: &apos;DESKTOP-JO95MPE&apos;, ip: &apos;192.168.1.6&apos;, os.name: &apos;Windows 10&apos;, os.arch: &apos;amd64&apos;, os.version: &apos;10.0&apos;, java.version: &apos;1.8.0_191&apos;
Driver info: org.openqa.selenium.chrome.ChromeDriver
Capabilities [{networkConnectionEnabled=false, chrome={chromedriverVersion=85.0.4183.87 (cd6713ebf92fa1cacc0f1a598df280093af0c5d7-refs/branch-heads/4183@{#1689}), userDataDir=C:\Users\Mayank\AppData\Local\Temp\scoped_dir13508_849999170}, timeouts={implicit=0, pageLoad=300000, script=30000}, pageLoadStrategy=normal, unhandledPromptBehavior=dismiss and notify, strictFileInteractability=false, platform=ANY, proxy=Proxy(), goog:chromeOptions={debuggerAddress=localhost:52208}, acceptInsecureCerts=false, browserVersion=85.0.4183.121, browserName=chrome, javascriptEnabled=true, platformName=windows, setWindowRect=true, webauthn:virtualAuthenticators=true}]
Session ID: b28a806a283cf1b84994a9465b96e1f9
*** Element info: {Using=xpath, value=//*[text()=&apos;Download Template&apos;]}
	at sun.reflect.NativeConstructorAccessorImpl.newInstance0(Native Method)
	at sun.reflect.NativeConstructorAccessorImpl.newInstance(Unknown Source)
	at sun.reflect.DelegatingConstructorAccessorImpl.newInstance(Unknown Source)
	at java.lang.reflect.Constructor.newInstance(Unknown Source)
	at org.openqa.selenium.remote.http.W3CHttpResponseCodec.createException(W3CHttpResponseCodec.java:185)
	at org.openqa.selenium.remote.http.W3CHttpResponseCodec.decode(W3CHttpResponseCodec.java:120)
	at org.openqa.selenium.remote.http.W3CHttpResponseCodec.decode(W3CHttpResponseCodec.java:49)
	at org.openqa.selenium.remote.HttpCommandExecutor.execute(HttpCommandExecutor.java:164)
	at org.openqa.selenium.remote.service.DriverCommandExecutor.execute(DriverCommandExecutor.java:82)
	at org.openqa.selenium.remote.RemoteWebDriver.execute(RemoteWebDriver.java:641)
	at org.openqa.selenium.remote.RemoteWebDriver.findElement(RemoteWebDriver.java:414)
	at org.openqa.selenium.remote.RemoteWebDriver.findElementByXPath(RemoteWebDriver.java:513)
	at org.openqa.selenium.By$ByXPath.findElement(By.java:361)
	at org.openqa.selenium.remote.RemoteWebDriver.findElement(RemoteWebDriver.java:406)
	at Base.TestBase.click(TestBase.java:199)
	at DentalLOCTestCases.CreateMarketingCensusRequest.createMarketingCensusRequest(CreateMarketingCensusRequest.java:289)
	at sun.reflect.NativeMethodAccessorImpl.invoke0(Native Method)
	at sun.reflect.NativeMethodAccessorImpl.invoke(Unknown Source)
	at sun.reflect.DelegatingMethodAccessorImpl.invoke(Unknown Source)
	at java.lang.reflect.Method.invoke(Unknown Source)
	at org.testng.internal.MethodInvocationHelper.invokeMethod(MethodInvocationHelper.java:134)
	at org.testng.internal.TestInvoker.invokeMethod(TestInvoker.java:597)
	at org.testng.internal.TestInvoker.invokeTestMethod(TestInvoker.java:173)
	at org.testng.internal.MethodRunner.runInSequence(MethodRunner.java:46)
	at org.testng.internal.TestInvoker$MethodInvocationAgent.invoke(TestInvoker.java:816)
	at org.testng.internal.TestInvoker.invokeTestMethods(TestInvoker.java:146)
	at org.testng.internal.TestMethodWorker.invokeTestMethods(TestMethodWorker.java:146)
	at org.testng.internal.TestMethodWorker.run(TestMethodWorker.java:128)
	at java.util.ArrayList.forEach(Unknown Source)
	at org.testng.TestRunner.privateRun(TestRunner.java:766)
	at org.testng.TestRunner.run(TestRunner.java:587)
	at org.testng.SuiteRunner.runTest(SuiteRunner.java:384)
	at org.testng.SuiteRunner.runSequentially(SuiteRunner.java:378)
	at org.testng.SuiteRunner.privateRun(SuiteRunner.java:337)
	at org.testng.SuiteRunner.run(SuiteRunner.java:286)
	at org.testng.SuiteRunnerWorker.runSuite(SuiteRunnerWorker.java:53)
	at org.testng.SuiteRunnerWorker.run(SuiteRunnerWorker.java:96)
	at org.testng.TestNG.runSuitesSequentially(TestNG.java:1187)
	at org.testng.TestNG.runSuitesLocally(TestNG.java:1109)
	at org.testng.TestNG.runSuites(TestNG.java:1039)
	at org.testng.TestNG.run(TestNG.java:1007)
	at org.testng.remote.AbstractRemoteTestNG.run(AbstractRemoteTestNG.java:115)
	at org.testng.remote.RemoteTestNG.initAndRun(RemoteTestNG.java:251)
	at org.testng.remote.RemoteTestNG.main(RemoteTestNG.java:77)
</pre></div></td>
<td>357</td>
<td>DentalLOCTestCases.CreateMarketingCensusRequest@1169afe1</td></tr>
</table><p>
<table width='100%' border='1' class='invocation-passed'>
<tr><td colspan='4' align='center'><b>PASSED TESTS</b></td></tr>
<tr><td><b>Test method</b></td>
<td width="30%"><b>Exception</b></td>
<td width="10%"><b>Time (seconds)</b></td>
<td><b>Instance</b></td>
</tr>
<tr>
<td title='DentalLOCTestCases.CreateIncumbentVendorDisruptionReport.createIncumbentVendorDisruption()'><b>createIncumbentVendorDisruption</b><br>Test class: DentalLOCTestCases.CreateIncumbentVendorDisruptionReport<br>Parameters: La Mirage Hotels and Resorts, LLC - TEST, Incumbent Vendor Disruption Report Request, Kelly<br/>
<a href="#Output-1997625595" onClick='toggleBox("Output-1997625595", this, "Show output", "Hide output");'>Show output</a>

<a href="#Output-1997625595" onClick="toggleAllBoxes();">Show all outputs</a>
<div class='log' id="Output-1997625595">
<a target="_blank" href=Tue_Oct_13_17_30_13_IST_2020.jpg>Click To See Screenshot</a><br/>
<br><br/>
<a target="_blank" href=Tue_Oct_13_17_30_13_IST_2020.jpg><img src=Tue_Oct_13_17_30_13_IST_2020.jpg height=200 width=200></img></a><br/>
</div>
</td>
<td></td>
<td>290</td>
<td>DentalLOCTestCases.CreateIncumbentVendorDisruptionReport@4c5ae43b</td></tr>
<tr>
<td title='DentalLOCTestCases.CreateVendorExperience.createVendorExperience()'><b>createVendorExperience</b><br>Test class: DentalLOCTestCases.CreateVendorExperience<br>Parameters: La Mirage Hotels and Resorts, LLC - TEST, Vendor Experience, Scott, System generated email template will be populated here in editable format, Today<br/>
<a href="#Output-1904609259" onClick='toggleBox("Output-1904609259", this, "Show output", "Hide output");'>Show output</a>

<a href="#Output-1904609259" onClick="toggleAllBoxes();">Show all outputs</a>
<div class='log' id="Output-1904609259">
<a target="_blank" href=Tue_Oct_13_17_25_21_IST_2020.jpg>Click To See Screenshot</a><br/>
<br><br/>
<a target="_blank" href=Tue_Oct_13_17_25_21_IST_2020.jpg><img src=Tue_Oct_13_17_25_21_IST_2020.jpg height=200 width=200></img></a><br/>
</div>
</td>
<td></td>
<td>340</td>
<td>DentalLOCTestCases.CreateVendorExperience@47c81abf</td></tr>
<tr>
<td title='TestCases.LoginTestProcessAssociate.loginToLockTon()'><b>loginToLockTon</b><br>Test class: TestCases.LoginTestProcessAssociate<br/>
<a href="#Output-546796969" onClick='toggleBox("Output-546796969", this, "Show output", "Hide output");'>Show output</a>

<a href="#Output-546796969" onClick="toggleAllBoxes();">Show all outputs</a>
<div class='log' id="Output-546796969">
Login Successfully<br/>
<a target="_blank" href=Tue_Oct_13_17_18_22_IST_2020.jpg>Click To See Screenshot</a><br/>
<br><br/>
<a target="_blank" href=Tue_Oct_13_17_18_22_IST_2020.jpg><img src=Tue_Oct_13_17_18_22_IST_2020.jpg height=200 width=200></img></a><br/>
</div>
</td>
<td></td>
<td>16</td>
<td>TestCases.LoginTestProcessAssociate@18f8cd79</td></tr>
<tr>
<td title='DentalLOCTestCases.RfpDataRequestConfirmation.rfpDataRequestConfirmation()'><b>rfpDataRequestConfirmation</b><br>Test class: DentalLOCTestCases.RfpDataRequestConfirmation<br>Parameters: La Mirage Hotels and Resorts, LLC - TEST, RFP to Marketing Presentation Creation, Metropolitan Life Insurance Company(DHMO Plan), Cigna Corporation(DHMO Plan)<br/>
<a href="#Output-732189840" onClick='toggleBox("Output-732189840", this, "Show output", "Hide output");'>Show output</a>

<a href="#Output-732189840" onClick="toggleAllBoxes();">Show all outputs</a>
<div class='log' id="Output-732189840">
<a target="_blank" href=Tue_Oct_13_17_19_40_IST_2020.jpg>Click To See Screenshot</a><br/>
<br><br/>
<a target="_blank" href=Tue_Oct_13_17_19_40_IST_2020.jpg><img src=Tue_Oct_13_17_19_40_IST_2020.jpg height=200 width=200></img></a><br/>
</div>
</td>
<td></td>
<td>77</td>
<td>DentalLOCTestCases.RfpDataRequestConfirmation@4c2bb6e0</td></tr>
</table><p>
</body>
</html>