<?xml version="1.0" encoding="UTF-8"?>
<!-- Generated by org.testng.reporters.JUnitXMLReporter -->
<testsuite hostname="DESKTOP-JO95MPE" ignored="0" name="Renewal Create Request Vendor Disruption Report" tests="1" failures="1" timestamp="2020-10-27T17:08:05 IST" time="191.18" errors="0">
  <testcase name="renewalCreateRequestVendorDisruptionReport" time="190.766" classname="DentalLOCTestCases.RenewalCreateRequestVendorDisruptionReport.RenewalCreateRequestVendorDisruptionReport">
    <failure type="org.openqa.selenium.WebDriverException" message="element click intercepted: Element &amp;lt;a _ngcontent-jis-c2=&amp;quot;&amp;quot; class=&amp;quot;nav-link&amp;quot; href=&amp;quot;javascript:void(0)&amp;quot;&amp;gt;...&amp;lt;/a&amp;gt; is not clickable at point (645, 56). Other element would receive the click: &amp;lt;div _ngcontent-jis-c1=&amp;quot;&amp;quot; class=&amp;quot;ngx-overlay loading-foreground&amp;quot; style=&amp;quot;background-color: rgba(40, 40, 40, 0.8); border-radius: 0px;&amp;quot;&amp;gt;...&amp;lt;/div&amp;gt;
  (Session info: chrome=86.0.4240.111)
Build info: version: &amp;apos;3.5.2&amp;apos;, revision: &amp;apos;10229a9&amp;apos;, time: &amp;apos;2017-08-21T17:29:55.15Z&amp;apos;
System info: host: &amp;apos;DESKTOP-JO95MPE&amp;apos;, ip: &amp;apos;192.168.1.6&amp;apos;, os.name: &amp;apos;Windows 10&amp;apos;, os.arch: &amp;apos;amd64&amp;apos;, os.version: &amp;apos;10.0&amp;apos;, java.version: &amp;apos;1.8.0_191&amp;apos;
Driver info: org.openqa.selenium.chrome.ChromeDriver
Capabilities [{networkConnectionEnabled=false, chrome={chromedriverVersion=85.0.4183.87 (cd6713ebf92fa1cacc0f1a598df280093af0c5d7-refs/branch-heads/4183@{#1689}), userDataDir=C:\Users\Mayank\AppData\Local\Temp\scoped_dir6536_102832739}, timeouts={implicit=0, pageLoad=300000, script=30000}, pageLoadStrategy=normal, unhandledPromptBehavior=dismiss and notify, strictFileInteractability=false, platform=ANY, proxy=Proxy(), goog:chromeOptions={debuggerAddress=localhost:61746}, acceptInsecureCerts=false, browserVersion=86.0.4240.111, browserName=chrome, javascriptEnabled=true, platformName=windows, setWindowRect=true, webauthn:virtualAuthenticators=true}]
Session ID: daeae8c470a85552493fb7c3b9e611d3">
      <![CDATA[org.openqa.selenium.WebDriverException: element click intercepted: Element <a _ngcontent-jis-c2="" class="nav-link" href="javascript:void(0)">...</a> is not clickable at point (645, 56). Other element would receive the click: <div _ngcontent-jis-c1="" class="ngx-overlay loading-foreground" style="background-color: rgba(40, 40, 40, 0.8); border-radius: 0px;">...</div>
  (Session info: chrome=86.0.4240.111)
Build info: version: '3.5.2', revision: '10229a9', time: '2017-08-21T17:29:55.15Z'
System info: host: 'DESKTOP-JO95MPE', ip: '192.168.1.6', os.name: 'Windows 10', os.arch: 'amd64', os.version: '10.0', java.version: '1.8.0_191'
Driver info: org.openqa.selenium.chrome.ChromeDriver
Capabilities [{networkConnectionEnabled=false, chrome={chromedriverVersion=85.0.4183.87 (cd6713ebf92fa1cacc0f1a598df280093af0c5d7-refs/branch-heads/4183@{#1689}), userDataDir=C:\Users\Mayank\AppData\Local\Temp\scoped_dir6536_102832739}, timeouts={implicit=0, pageLoad=300000, script=30000}, pageLoadStrategy=normal, unhandledPromptBehavior=dismiss and notify, strictFileInteractability=false, platform=ANY, proxy=Proxy(), goog:chromeOptions={debuggerAddress=localhost:61746}, acceptInsecureCerts=false, browserVersion=86.0.4240.111, browserName=chrome, javascriptEnabled=true, platformName=windows, setWindowRect=true, webauthn:virtualAuthenticators=true}]
Session ID: daeae8c470a85552493fb7c3b9e611d3
at org.openqa.selenium.remote.http.W3CHttpResponseCodec.createException(W3CHttpResponseCodec.java:185)
at org.openqa.selenium.remote.http.W3CHttpResponseCodec.decode(W3CHttpResponseCodec.java:120)
at org.openqa.selenium.remote.http.W3CHttpResponseCodec.decode(W3CHttpResponseCodec.java:49)
at org.openqa.selenium.remote.HttpCommandExecutor.execute(HttpCommandExecutor.java:164)
at org.openqa.selenium.remote.service.DriverCommandExecutor.execute(DriverCommandExecutor.java:82)
at org.openqa.selenium.remote.RemoteWebDriver.execute(RemoteWebDriver.java:641)
at org.openqa.selenium.remote.RemoteWebElement.execute(RemoteWebElement.java:275)
at org.openqa.selenium.remote.RemoteWebElement.click(RemoteWebElement.java:82)
at Base.TestBase.click(TestBase.java:201)
at DentalLOCTestCases.RenewalCreateRequestVendorDisruptionReport.RenewalCreateRequestVendorDisruptionReport.renewalCreateRequestVendorDisruptionReport(RenewalCreateRequestVendorDisruptionReport.java:163)
at java.util.ArrayList.forEach(Unknown Source)
... Removed 31 stack frames]]>
    </failure>
  </testcase> <!-- renewalCreateRequestVendorDisruptionReport -->
</testsuite> <!-- Renewal Create Request Vendor Disruption Report -->
