<?xml version="1.0" encoding="UTF-8"?>
<testsuite name="RenewalRFPTest"
           tests="1"
           failures="1"
           errors="0"
           skipped="0"
           time="0.000">
  <properties />
            <testcase name="rfpDataRequestConfirmation" time="0.000" classname="Renewal.RenewalRfpDataRequestConfirmation">
                <failure type="org.testng.TestNGException"
                  message="
Cannot inject @Test annotated Method [rfpDataRequestConfirmation] with [class java.lang.String, class java.lang.String].
For more information on native dependency injection please refer to http://testng.org/doc/documentation-main.html#native-dependency-injection"
              >
<![CDATA[org.testng.TestNGException: 
Cannot inject @Test annotated Method [rfpDataRequestConfirmation] with [class java.lang.String, class java.lang.String].
For more information on native dependency injection please refer to http://testng.org/doc/documentation-main.html#native-dependency-injection
  org.testng.internal.Parameters.checkParameterTypes(Parameters.java:441)
  org.testng.internal.Parameters.createParametersForMethod(Parameters.java:355)
  org.testng.internal.Parameters.createParameters(Parameters.java:712)
  org.testng.internal.Parameters.handleParameters(Parameters.java:879)
  org.testng.internal.Parameters.handleParameters(Parameters.java:744)
  org.testng.internal.ParameterHandler.handleParameters(ParameterHandler.java:59)
  org.testng.internal.ParameterHandler.createParameters(ParameterHandler.java:38)
  org.testng.internal.TestInvoker$MethodInvocationAgent.invoke(TestInvoker.java:783)
  org.testng.internal.TestInvoker.invokeTestMethods(TestInvoker.java:146)
  org.testng.internal.TestMethodWorker.invokeTestMethods(TestMethodWorker.java:146)
  org.testng.internal.TestMethodWorker.run(TestMethodWorker.java:128)
  java.util.ArrayList.forEach(Unknown Source)
  org.testng.TestRunner.privateRun(TestRunner.java:766)
  org.testng.TestRunner.run(TestRunner.java:587)
  org.testng.SuiteRunner.runTest(SuiteRunner.java:384)
  org.testng.SuiteRunner.runSequentially(SuiteRunner.java:378)
  org.testng.SuiteRunner.privateRun(SuiteRunner.java:337)
  org.testng.SuiteRunner.run(SuiteRunner.java:286)
  org.testng.SuiteRunnerWorker.runSuite(SuiteRunnerWorker.java:53)
  org.testng.SuiteRunnerWorker.run(SuiteRunnerWorker.java:96)
  org.testng.TestNG.runSuitesSequentially(TestNG.java:1187)
  org.testng.TestNG.runSuitesLocally(TestNG.java:1109)
  org.testng.TestNG.runSuites(TestNG.java:1039)
  org.testng.TestNG.run(TestNG.java:1007)
  org.testng.remote.AbstractRemoteTestNG.run(AbstractRemoteTestNG.java:115)
  org.testng.remote.RemoteTestNG.initAndRun(RemoteTestNG.java:251)
  org.testng.remote.RemoteTestNG.main(RemoteTestNG.java:77)
]]>
      </failure>

          </testcase>
  
  
  
</testsuite>
